The system is: Linux - 5.4.0-48-generic - x86_64
Compiling the C compiler identification source file "CMakeCCompilerId.c" succeeded.
Compiler: /bin/clang-10 
Build flags: 
Id flags:  

The output was:
0


Compilation of the C compiler identification source "CMakeCCompilerId.c" produced "a.out"

The C compiler identification is Clang, found in "/home/kaiser/cpp-template/build/CMakeFiles/3.18.3/CompilerIdC/a.out"

Compiling the CXX compiler identification source file "CMakeCXXCompilerId.cpp" succeeded.
Compiler: /bin/clang++-10 
Build flags: 
Id flags:  

The output was:
0


Compilation of the CXX compiler identification source "CMakeCXXCompilerId.cpp" produced "a.out"

The CXX compiler identification is Clang, found in "/home/kaiser/cpp-template/build/CMakeFiles/3.18.3/CompilerIdCXX/a.out"

Detecting C compiler ABI info compiled with the following output:
Change Dir: /home/kaiser/cpp-template/build/CMakeFiles/CMakeTmp

Run Build Command(s):/usr/local/bin/ninja cmTC_0e80a && [1/2] Building C object CMakeFiles/cmTC_0e80a.dir/CMakeCCompilerABI.c.o
clang version 10.0.0-4ubuntu1 
Target: x86_64-pc-linux-gnu
Thread model: posix
InstalledDir: /bin
Found candidate GCC installation: /bin/../lib/gcc/x86_64-linux-gnu/10
Found candidate GCC installation: /bin/../lib/gcc/x86_64-linux-gnu/8
Found candidate GCC installation: /bin/../lib/gcc/x86_64-linux-gnu/9
Found candidate GCC installation: /usr/lib/gcc/x86_64-linux-gnu/10
Found candidate GCC installation: /usr/lib/gcc/x86_64-linux-gnu/8
Found candidate GCC installation: /usr/lib/gcc/x86_64-linux-gnu/9
Selected GCC installation: /bin/../lib/gcc/x86_64-linux-gnu/10
Candidate multilib: .;@m64
Selected multilib: .;@m64
 (in-process)
 "/usr/lib/llvm-10/bin/clang" -cc1 -triple x86_64-pc-linux-gnu -emit-obj -mrelax-all -disable-free -disable-llvm-verifier -discard-value-names -main-file-name CMakeCCompilerABI.c -mrelocation-model static -mthread-model posix -mframe-pointer=all -fmath-errno -fno-rounding-math -masm-verbose -mconstructor-aliases -munwind-tables -target-cpu x86-64 -dwarf-column-info -fno-split-dwarf-inlining -debugger-tuning=gdb -v -resource-dir /usr/lib/llvm-10/lib/clang/10.0.0 -dependency-file CMakeFiles/cmTC_0e80a.dir/CMakeCCompilerABI.c.o.d -MT CMakeFiles/cmTC_0e80a.dir/CMakeCCompilerABI.c.o -sys-header-deps -internal-isystem /usr/local/include -internal-isystem /usr/lib/llvm-10/lib/clang/10.0.0/include -internal-externc-isystem /usr/include/x86_64-linux-gnu -internal-externc-isystem /include -internal-externc-isystem /usr/include -fdebug-compilation-dir /home/kaiser/cpp-template/build/CMakeFiles/CMakeTmp -ferror-limit 19 -fmessage-length 0 -fgnuc-version=4.2.1 -fobjc-runtime=gcc -fdiagnostics-show-option -faddrsig -o CMakeFiles/cmTC_0e80a.dir/CMakeCCompilerABI.c.o -x c /usr/local/share/cmake-3.18/Modules/CMakeCCompilerABI.c
clang -cc1 version 10.0.0 based upon LLVM 10.0.0 default target x86_64-pc-linux-gnu
ignoring nonexistent directory "/include"
#include "..." search starts here:
#include <...> search starts here:
 /usr/local/include
 /usr/lib/llvm-10/lib/clang/10.0.0/include
 /usr/include/x86_64-linux-gnu
 /usr/include
End of search list.
[2/2] Linking C executable cmTC_0e80a
clang version 10.0.0-4ubuntu1 
Target: x86_64-pc-linux-gnu
Thread model: posix
InstalledDir: /bin
Found candidate GCC installation: /bin/../lib/gcc/x86_64-linux-gnu/10
Found candidate GCC installation: /bin/../lib/gcc/x86_64-linux-gnu/8
Found candidate GCC installation: /bin/../lib/gcc/x86_64-linux-gnu/9
Found candidate GCC installation: /usr/lib/gcc/x86_64-linux-gnu/10
Found candidate GCC installation: /usr/lib/gcc/x86_64-linux-gnu/8
Found candidate GCC installation: /usr/lib/gcc/x86_64-linux-gnu/9
Selected GCC installation: /bin/../lib/gcc/x86_64-linux-gnu/10
Candidate multilib: .;@m64
Selected multilib: .;@m64
 "/bin/ld" -z relro --hash-style=gnu --build-id --eh-frame-hdr -m elf_x86_64 -dynamic-linker /lib64/ld-linux-x86-64.so.2 -o cmTC_0e80a /bin/../lib/gcc/x86_64-linux-gnu/10/../../../x86_64-linux-gnu/crt1.o /bin/../lib/gcc/x86_64-linux-gnu/10/../../../x86_64-linux-gnu/crti.o /bin/../lib/gcc/x86_64-linux-gnu/10/crtbegin.o -L/bin/../lib/gcc/x86_64-linux-gnu/10 -L/bin/../lib/gcc/x86_64-linux-gnu/10/../../../x86_64-linux-gnu -L/bin/../lib/gcc/x86_64-linux-gnu/10/../../../../lib64 -L/lib/x86_64-linux-gnu -L/lib/../lib64 -L/usr/lib/x86_64-linux-gnu -L/usr/lib/../lib64 -L/usr/lib/x86_64-linux-gnu/../../lib64 -L/bin/../lib/gcc/x86_64-linux-gnu/10/../../.. -L/usr/lib/llvm-10/bin/../lib -L/lib -L/usr/lib CMakeFiles/cmTC_0e80a.dir/CMakeCCompilerABI.c.o -lgcc --as-needed -lgcc_s --no-as-needed -lc -lgcc --as-needed -lgcc_s --no-as-needed /bin/../lib/gcc/x86_64-linux-gnu/10/crtend.o /bin/../lib/gcc/x86_64-linux-gnu/10/../../../x86_64-linux-gnu/crtn.o



Parsed C implicit include dir info from above output: rv=done
  found start of include info
  found start of implicit include info
    add: [/usr/local/include]
    add: [/usr/lib/llvm-10/lib/clang/10.0.0/include]
    add: [/usr/include/x86_64-linux-gnu]
    add: [/usr/include]
  end of search list found
  collapse include dir [/usr/local/include] ==> [/usr/local/include]
  collapse include dir [/usr/lib/llvm-10/lib/clang/10.0.0/include] ==> [/usr/lib/llvm-10/lib/clang/10.0.0/include]
  collapse include dir [/usr/include/x86_64-linux-gnu] ==> [/usr/include/x86_64-linux-gnu]
  collapse include dir [/usr/include] ==> [/usr/include]
  implicit include dirs: [/usr/local/include;/usr/lib/llvm-10/lib/clang/10.0.0/include;/usr/include/x86_64-linux-gnu;/usr/include]


Parsed C implicit link information from above output:
  link line regex: [^( *|.*[/\])(ld|CMAKE_LINK_STARTFILE-NOTFOUND|([^/\]+-)?ld|collect2)[^/\]*( |$)]
  ignore line: [Change Dir: /home/kaiser/cpp-template/build/CMakeFiles/CMakeTmp]
  ignore line: []
  ignore line: [Run Build Command(s):/usr/local/bin/ninja cmTC_0e80a && [1/2] Building C object CMakeFiles/cmTC_0e80a.dir/CMakeCCompilerABI.c.o]
  ignore line: [clang version 10.0.0-4ubuntu1 ]
  ignore line: [Target: x86_64-pc-linux-gnu]
  ignore line: [Thread model: posix]
  ignore line: [InstalledDir: /bin]
  ignore line: [Found candidate GCC installation: /bin/../lib/gcc/x86_64-linux-gnu/10]
  ignore line: [Found candidate GCC installation: /bin/../lib/gcc/x86_64-linux-gnu/8]
  ignore line: [Found candidate GCC installation: /bin/../lib/gcc/x86_64-linux-gnu/9]
  ignore line: [Found candidate GCC installation: /usr/lib/gcc/x86_64-linux-gnu/10]
  ignore line: [Found candidate GCC installation: /usr/lib/gcc/x86_64-linux-gnu/8]
  ignore line: [Found candidate GCC installation: /usr/lib/gcc/x86_64-linux-gnu/9]
  ignore line: [Selected GCC installation: /bin/../lib/gcc/x86_64-linux-gnu/10]
  ignore line: [Candidate multilib: .]
  ignore line: [@m64]
  ignore line: [Selected multilib: .]
  ignore line: [@m64]
  ignore line: [ (in-process)]
  ignore line: [ "/usr/lib/llvm-10/bin/clang" -cc1 -triple x86_64-pc-linux-gnu -emit-obj -mrelax-all -disable-free -disable-llvm-verifier -discard-value-names -main-file-name CMakeCCompilerABI.c -mrelocation-model static -mthread-model posix -mframe-pointer=all -fmath-errno -fno-rounding-math -masm-verbose -mconstructor-aliases -munwind-tables -target-cpu x86-64 -dwarf-column-info -fno-split-dwarf-inlining -debugger-tuning=gdb -v -resource-dir /usr/lib/llvm-10/lib/clang/10.0.0 -dependency-file CMakeFiles/cmTC_0e80a.dir/CMakeCCompilerABI.c.o.d -MT CMakeFiles/cmTC_0e80a.dir/CMakeCCompilerABI.c.o -sys-header-deps -internal-isystem /usr/local/include -internal-isystem /usr/lib/llvm-10/lib/clang/10.0.0/include -internal-externc-isystem /usr/include/x86_64-linux-gnu -internal-externc-isystem /include -internal-externc-isystem /usr/include -fdebug-compilation-dir /home/kaiser/cpp-template/build/CMakeFiles/CMakeTmp -ferror-limit 19 -fmessage-length 0 -fgnuc-version=4.2.1 -fobjc-runtime=gcc -fdiagnostics-show-option -faddrsig -o CMakeFiles/cmTC_0e80a.dir/CMakeCCompilerABI.c.o -x c /usr/local/share/cmake-3.18/Modules/CMakeCCompilerABI.c]
  ignore line: [clang -cc1 version 10.0.0 based upon LLVM 10.0.0 default target x86_64-pc-linux-gnu]
  ignore line: [ignoring nonexistent directory "/include"]
  ignore line: [#include "..." search starts here:]
  ignore line: [#include <...> search starts here:]
  ignore line: [ /usr/local/include]
  ignore line: [ /usr/lib/llvm-10/lib/clang/10.0.0/include]
  ignore line: [ /usr/include/x86_64-linux-gnu]
  ignore line: [ /usr/include]
  ignore line: [End of search list.]
  ignore line: [[2/2] Linking C executable cmTC_0e80a]
  ignore line: [clang version 10.0.0-4ubuntu1 ]
  ignore line: [Target: x86_64-pc-linux-gnu]
  ignore line: [Thread model: posix]
  ignore line: [InstalledDir: /bin]
  ignore line: [Found candidate GCC installation: /bin/../lib/gcc/x86_64-linux-gnu/10]
  ignore line: [Found candidate GCC installation: /bin/../lib/gcc/x86_64-linux-gnu/8]
  ignore line: [Found candidate GCC installation: /bin/../lib/gcc/x86_64-linux-gnu/9]
  ignore line: [Found candidate GCC installation: /usr/lib/gcc/x86_64-linux-gnu/10]
  ignore line: [Found candidate GCC installation: /usr/lib/gcc/x86_64-linux-gnu/8]
  ignore line: [Found candidate GCC installation: /usr/lib/gcc/x86_64-linux-gnu/9]
  ignore line: [Selected GCC installation: /bin/../lib/gcc/x86_64-linux-gnu/10]
  ignore line: [Candidate multilib: .]
  ignore line: [@m64]
  ignore line: [Selected multilib: .]
  ignore line: [@m64]
  link line: [ "/bin/ld" -z relro --hash-style=gnu --build-id --eh-frame-hdr -m elf_x86_64 -dynamic-linker /lib64/ld-linux-x86-64.so.2 -o cmTC_0e80a /bin/../lib/gcc/x86_64-linux-gnu/10/../../../x86_64-linux-gnu/crt1.o /bin/../lib/gcc/x86_64-linux-gnu/10/../../../x86_64-linux-gnu/crti.o /bin/../lib/gcc/x86_64-linux-gnu/10/crtbegin.o -L/bin/../lib/gcc/x86_64-linux-gnu/10 -L/bin/../lib/gcc/x86_64-linux-gnu/10/../../../x86_64-linux-gnu -L/bin/../lib/gcc/x86_64-linux-gnu/10/../../../../lib64 -L/lib/x86_64-linux-gnu -L/lib/../lib64 -L/usr/lib/x86_64-linux-gnu -L/usr/lib/../lib64 -L/usr/lib/x86_64-linux-gnu/../../lib64 -L/bin/../lib/gcc/x86_64-linux-gnu/10/../../.. -L/usr/lib/llvm-10/bin/../lib -L/lib -L/usr/lib CMakeFiles/cmTC_0e80a.dir/CMakeCCompilerABI.c.o -lgcc --as-needed -lgcc_s --no-as-needed -lc -lgcc --as-needed -lgcc_s --no-as-needed /bin/../lib/gcc/x86_64-linux-gnu/10/crtend.o /bin/../lib/gcc/x86_64-linux-gnu/10/../../../x86_64-linux-gnu/crtn.o]
    arg [/bin/ld] ==> ignore
    arg [-zrelro] ==> ignore
    arg [--hash-style=gnu] ==> ignore
    arg [--build-id] ==> ignore
    arg [--eh-frame-hdr] ==> ignore
    arg [-m] ==> ignore
    arg [elf_x86_64] ==> ignore
    arg [-dynamic-linker] ==> ignore
    arg [/lib64/ld-linux-x86-64.so.2] ==> ignore
    arg [-o] ==> ignore
    arg [cmTC_0e80a] ==> ignore
    arg [/bin/../lib/gcc/x86_64-linux-gnu/10/../../../x86_64-linux-gnu/crt1.o] ==> ignore
    arg [/bin/../lib/gcc/x86_64-linux-gnu/10/../../../x86_64-linux-gnu/crti.o] ==> ignore
    arg [/bin/../lib/gcc/x86_64-linux-gnu/10/crtbegin.o] ==> ignore
    arg [-L/bin/../lib/gcc/x86_64-linux-gnu/10] ==> dir [/bin/../lib/gcc/x86_64-linux-gnu/10]
    arg [-L/bin/../lib/gcc/x86_64-linux-gnu/10/../../../x86_64-linux-gnu] ==> dir [/bin/../lib/gcc/x86_64-linux-gnu/10/../../../x86_64-linux-gnu]
    arg [-L/bin/../lib/gcc/x86_64-linux-gnu/10/../../../../lib64] ==> dir [/bin/../lib/gcc/x86_64-linux-gnu/10/../../../../lib64]
    arg [-L/lib/x86_64-linux-gnu] ==> dir [/lib/x86_64-linux-gnu]
    arg [-L/lib/../lib64] ==> dir [/lib/../lib64]
    arg [-L/usr/lib/x86_64-linux-gnu] ==> dir [/usr/lib/x86_64-linux-gnu]
    arg [-L/usr/lib/../lib64] ==> dir [/usr/lib/../lib64]
    arg [-L/usr/lib/x86_64-linux-gnu/../../lib64] ==> dir [/usr/lib/x86_64-linux-gnu/../../lib64]
    arg [-L/bin/../lib/gcc/x86_64-linux-gnu/10/../../..] ==> dir [/bin/../lib/gcc/x86_64-linux-gnu/10/../../..]
    arg [-L/usr/lib/llvm-10/bin/../lib] ==> dir [/usr/lib/llvm-10/bin/../lib]
    arg [-L/lib] ==> dir [/lib]
    arg [-L/usr/lib] ==> dir [/usr/lib]
    arg [CMakeFiles/cmTC_0e80a.dir/CMakeCCompilerABI.c.o] ==> ignore
    arg [-lgcc] ==> lib [gcc]
    arg [--as-needed] ==> ignore
    arg [-lgcc_s] ==> lib [gcc_s]
    arg [--no-as-needed] ==> ignore
    arg [-lc] ==> lib [c]
    arg [-lgcc] ==> lib [gcc]
    arg [--as-needed] ==> ignore
    arg [-lgcc_s] ==> lib [gcc_s]
    arg [--no-as-needed] ==> ignore
    arg [/bin/../lib/gcc/x86_64-linux-gnu/10/crtend.o] ==> ignore
    arg [/bin/../lib/gcc/x86_64-linux-gnu/10/../../../x86_64-linux-gnu/crtn.o] ==> ignore
  collapse library dir [/bin/../lib/gcc/x86_64-linux-gnu/10] ==> [/lib/gcc/x86_64-linux-gnu/10]
  collapse library dir [/bin/../lib/gcc/x86_64-linux-gnu/10/../../../x86_64-linux-gnu] ==> [/lib/x86_64-linux-gnu]
  collapse library dir [/bin/../lib/gcc/x86_64-linux-gnu/10/../../../../lib64] ==> [/lib64]
  collapse library dir [/lib/x86_64-linux-gnu] ==> [/lib/x86_64-linux-gnu]
  collapse library dir [/lib/../lib64] ==> [/lib64]
  collapse library dir [/usr/lib/x86_64-linux-gnu] ==> [/usr/lib/x86_64-linux-gnu]
  collapse library dir [/usr/lib/../lib64] ==> [/usr/lib64]
  collapse library dir [/usr/lib/x86_64-linux-gnu/../../lib64] ==> [/usr/lib64]
  collapse library dir [/bin/../lib/gcc/x86_64-linux-gnu/10/../../..] ==> [/lib]
  collapse library dir [/usr/lib/llvm-10/bin/../lib] ==> [/usr/lib/llvm-10/lib]
  collapse library dir [/lib] ==> [/lib]
  collapse library dir [/usr/lib] ==> [/usr/lib]
  implicit libs: [gcc;gcc_s;c;gcc;gcc_s]
  implicit dirs: [/lib/gcc/x86_64-linux-gnu/10;/lib/x86_64-linux-gnu;/lib64;/usr/lib/x86_64-linux-gnu;/usr/lib64;/lib;/usr/lib/llvm-10/lib;/usr/lib]
  implicit fwks: []


Detecting CXX compiler ABI info compiled with the following output:
Change Dir: /home/kaiser/cpp-template/build/CMakeFiles/CMakeTmp

Run Build Command(s):/usr/local/bin/ninja cmTC_5b6bb && [1/2] Building CXX object CMakeFiles/cmTC_5b6bb.dir/CMakeCXXCompilerABI.cpp.o
clang version 10.0.0-4ubuntu1 
Target: x86_64-pc-linux-gnu
Thread model: posix
InstalledDir: /bin
Found candidate GCC installation: /bin/../lib/gcc/x86_64-linux-gnu/10
Found candidate GCC installation: /bin/../lib/gcc/x86_64-linux-gnu/8
Found candidate GCC installation: /bin/../lib/gcc/x86_64-linux-gnu/9
Found candidate GCC installation: /usr/lib/gcc/x86_64-linux-gnu/10
Found candidate GCC installation: /usr/lib/gcc/x86_64-linux-gnu/8
Found candidate GCC installation: /usr/lib/gcc/x86_64-linux-gnu/9
Selected GCC installation: /bin/../lib/gcc/x86_64-linux-gnu/10
Candidate multilib: .;@m64
Selected multilib: .;@m64
 (in-process)
 "/usr/lib/llvm-10/bin/clang" -cc1 -triple x86_64-pc-linux-gnu -emit-obj -mrelax-all -disable-free -disable-llvm-verifier -discard-value-names -main-file-name CMakeCXXCompilerABI.cpp -mrelocation-model static -mthread-model posix -mframe-pointer=all -fmath-errno -fno-rounding-math -masm-verbose -mconstructor-aliases -munwind-tables -target-cpu x86-64 -dwarf-column-info -fno-split-dwarf-inlining -debugger-tuning=gdb -v -resource-dir /usr/lib/llvm-10/lib/clang/10.0.0 -dependency-file CMakeFiles/cmTC_5b6bb.dir/CMakeCXXCompilerABI.cpp.o.d -MT CMakeFiles/cmTC_5b6bb.dir/CMakeCXXCompilerABI.cpp.o -sys-header-deps -internal-isystem /bin/../lib/gcc/x86_64-linux-gnu/10/../../../../include/c++/10 -internal-isystem /bin/../lib/gcc/x86_64-linux-gnu/10/../../../../include/x86_64-linux-gnu/c++/10 -internal-isystem /bin/../lib/gcc/x86_64-linux-gnu/10/../../../../include/x86_64-linux-gnu/c++/10 -internal-isystem /bin/../lib/gcc/x86_64-linux-gnu/10/../../../../include/c++/10/backward -internal-isystem /usr/local/include -internal-isystem /usr/lib/llvm-10/lib/clang/10.0.0/include -internal-externc-isystem /usr/include/x86_64-linux-gnu -internal-externc-isystem /include -internal-externc-isystem /usr/include -fdeprecated-macro -fdebug-compilation-dir /home/kaiser/cpp-template/build/CMakeFiles/CMakeTmp -ferror-limit 19 -fmessage-length 0 -fgnuc-version=4.2.1 -fobjc-runtime=gcc -fcxx-exceptions -fexceptions -fdiagnostics-show-option -faddrsig -o CMakeFiles/cmTC_5b6bb.dir/CMakeCXXCompilerABI.cpp.o -x c++ /usr/local/share/cmake-3.18/Modules/CMakeCXXCompilerABI.cpp
clang -cc1 version 10.0.0 based upon LLVM 10.0.0 default target x86_64-pc-linux-gnu
ignoring nonexistent directory "/include"
ignoring duplicate directory "/bin/../lib/gcc/x86_64-linux-gnu/10/../../../../include/x86_64-linux-gnu/c++/10"
#include "..." search starts here:
#include <...> search starts here:
 /bin/../lib/gcc/x86_64-linux-gnu/10/../../../../include/c++/10
 /bin/../lib/gcc/x86_64-linux-gnu/10/../../../../include/x86_64-linux-gnu/c++/10
 /bin/../lib/gcc/x86_64-linux-gnu/10/../../../../include/c++/10/backward
 /usr/local/include
 /usr/lib/llvm-10/lib/clang/10.0.0/include
 /usr/include/x86_64-linux-gnu
 /usr/include
End of search list.
[2/2] Linking CXX executable cmTC_5b6bb
clang version 10.0.0-4ubuntu1 
Target: x86_64-pc-linux-gnu
Thread model: posix
InstalledDir: /bin
Found candidate GCC installation: /bin/../lib/gcc/x86_64-linux-gnu/10
Found candidate GCC installation: /bin/../lib/gcc/x86_64-linux-gnu/8
Found candidate GCC installation: /bin/../lib/gcc/x86_64-linux-gnu/9
Found candidate GCC installation: /usr/lib/gcc/x86_64-linux-gnu/10
Found candidate GCC installation: /usr/lib/gcc/x86_64-linux-gnu/8
Found candidate GCC installation: /usr/lib/gcc/x86_64-linux-gnu/9
Selected GCC installation: /bin/../lib/gcc/x86_64-linux-gnu/10
Candidate multilib: .;@m64
Selected multilib: .;@m64
 "/bin/ld" -z relro --hash-style=gnu --build-id --eh-frame-hdr -m elf_x86_64 -dynamic-linker /lib64/ld-linux-x86-64.so.2 -o cmTC_5b6bb /bin/../lib/gcc/x86_64-linux-gnu/10/../../../x86_64-linux-gnu/crt1.o /bin/../lib/gcc/x86_64-linux-gnu/10/../../../x86_64-linux-gnu/crti.o /bin/../lib/gcc/x86_64-linux-gnu/10/crtbegin.o -L/bin/../lib/gcc/x86_64-linux-gnu/10 -L/bin/../lib/gcc/x86_64-linux-gnu/10/../../../x86_64-linux-gnu -L/bin/../lib/gcc/x86_64-linux-gnu/10/../../../../lib64 -L/lib/x86_64-linux-gnu -L/lib/../lib64 -L/usr/lib/x86_64-linux-gnu -L/usr/lib/../lib64 -L/usr/lib/x86_64-linux-gnu/../../lib64 -L/bin/../lib/gcc/x86_64-linux-gnu/10/../../.. -L/usr/lib/llvm-10/bin/../lib -L/lib -L/usr/lib CMakeFiles/cmTC_5b6bb.dir/CMakeCXXCompilerABI.cpp.o -lstdc++ -lm -lgcc_s -lgcc -lc -lgcc_s -lgcc /bin/../lib/gcc/x86_64-linux-gnu/10/crtend.o /bin/../lib/gcc/x86_64-linux-gnu/10/../../../x86_64-linux-gnu/crtn.o



Parsed CXX implicit include dir info from above output: rv=done
  found start of include info
  found start of implicit include info
    add: [/bin/../lib/gcc/x86_64-linux-gnu/10/../../../../include/c++/10]
    add: [/bin/../lib/gcc/x86_64-linux-gnu/10/../../../../include/x86_64-linux-gnu/c++/10]
    add: [/bin/../lib/gcc/x86_64-linux-gnu/10/../../../../include/c++/10/backward]
    add: [/usr/local/include]
    add: [/usr/lib/llvm-10/lib/clang/10.0.0/include]
    add: [/usr/include/x86_64-linux-gnu]
    add: [/usr/include]
  end of search list found
  collapse include dir [/bin/../lib/gcc/x86_64-linux-gnu/10/../../../../include/c++/10] ==> [/include/c++/10]
  collapse include dir [/bin/../lib/gcc/x86_64-linux-gnu/10/../../../../include/x86_64-linux-gnu/c++/10] ==> [/include/x86_64-linux-gnu/c++/10]
  collapse include dir [/bin/../lib/gcc/x86_64-linux-gnu/10/../../../../include/c++/10/backward] ==> [/include/c++/10/backward]
  collapse include dir [/usr/local/include] ==> [/usr/local/include]
  collapse include dir [/usr/lib/llvm-10/lib/clang/10.0.0/include] ==> [/usr/lib/llvm-10/lib/clang/10.0.0/include]
  collapse include dir [/usr/include/x86_64-linux-gnu] ==> [/usr/include/x86_64-linux-gnu]
  collapse include dir [/usr/include] ==> [/usr/include]
  implicit include dirs: [/include/c++/10;/include/x86_64-linux-gnu/c++/10;/include/c++/10/backward;/usr/local/include;/usr/lib/llvm-10/lib/clang/10.0.0/include;/usr/include/x86_64-linux-gnu;/usr/include]


Parsed CXX implicit link information from above output:
  link line regex: [^( *|.*[/\])(ld|CMAKE_LINK_STARTFILE-NOTFOUND|([^/\]+-)?ld|collect2)[^/\]*( |$)]
  ignore line: [Change Dir: /home/kaiser/cpp-template/build/CMakeFiles/CMakeTmp]
  ignore line: []
  ignore line: [Run Build Command(s):/usr/local/bin/ninja cmTC_5b6bb && [1/2] Building CXX object CMakeFiles/cmTC_5b6bb.dir/CMakeCXXCompilerABI.cpp.o]
  ignore line: [clang version 10.0.0-4ubuntu1 ]
  ignore line: [Target: x86_64-pc-linux-gnu]
  ignore line: [Thread model: posix]
  ignore line: [InstalledDir: /bin]
  ignore line: [Found candidate GCC installation: /bin/../lib/gcc/x86_64-linux-gnu/10]
  ignore line: [Found candidate GCC installation: /bin/../lib/gcc/x86_64-linux-gnu/8]
  ignore line: [Found candidate GCC installation: /bin/../lib/gcc/x86_64-linux-gnu/9]
  ignore line: [Found candidate GCC installation: /usr/lib/gcc/x86_64-linux-gnu/10]
  ignore line: [Found candidate GCC installation: /usr/lib/gcc/x86_64-linux-gnu/8]
  ignore line: [Found candidate GCC installation: /usr/lib/gcc/x86_64-linux-gnu/9]
  ignore line: [Selected GCC installation: /bin/../lib/gcc/x86_64-linux-gnu/10]
  ignore line: [Candidate multilib: .]
  ignore line: [@m64]
  ignore line: [Selected multilib: .]
  ignore line: [@m64]
  ignore line: [ (in-process)]
  ignore line: [ "/usr/lib/llvm-10/bin/clang" -cc1 -triple x86_64-pc-linux-gnu -emit-obj -mrelax-all -disable-free -disable-llvm-verifier -discard-value-names -main-file-name CMakeCXXCompilerABI.cpp -mrelocation-model static -mthread-model posix -mframe-pointer=all -fmath-errno -fno-rounding-math -masm-verbose -mconstructor-aliases -munwind-tables -target-cpu x86-64 -dwarf-column-info -fno-split-dwarf-inlining -debugger-tuning=gdb -v -resource-dir /usr/lib/llvm-10/lib/clang/10.0.0 -dependency-file CMakeFiles/cmTC_5b6bb.dir/CMakeCXXCompilerABI.cpp.o.d -MT CMakeFiles/cmTC_5b6bb.dir/CMakeCXXCompilerABI.cpp.o -sys-header-deps -internal-isystem /bin/../lib/gcc/x86_64-linux-gnu/10/../../../../include/c++/10 -internal-isystem /bin/../lib/gcc/x86_64-linux-gnu/10/../../../../include/x86_64-linux-gnu/c++/10 -internal-isystem /bin/../lib/gcc/x86_64-linux-gnu/10/../../../../include/x86_64-linux-gnu/c++/10 -internal-isystem /bin/../lib/gcc/x86_64-linux-gnu/10/../../../../include/c++/10/backward -internal-isystem /usr/local/include -internal-isystem /usr/lib/llvm-10/lib/clang/10.0.0/include -internal-externc-isystem /usr/include/x86_64-linux-gnu -internal-externc-isystem /include -internal-externc-isystem /usr/include -fdeprecated-macro -fdebug-compilation-dir /home/kaiser/cpp-template/build/CMakeFiles/CMakeTmp -ferror-limit 19 -fmessage-length 0 -fgnuc-version=4.2.1 -fobjc-runtime=gcc -fcxx-exceptions -fexceptions -fdiagnostics-show-option -faddrsig -o CMakeFiles/cmTC_5b6bb.dir/CMakeCXXCompilerABI.cpp.o -x c++ /usr/local/share/cmake-3.18/Modules/CMakeCXXCompilerABI.cpp]
  ignore line: [clang -cc1 version 10.0.0 based upon LLVM 10.0.0 default target x86_64-pc-linux-gnu]
  ignore line: [ignoring nonexistent directory "/include"]
  ignore line: [ignoring duplicate directory "/bin/../lib/gcc/x86_64-linux-gnu/10/../../../../include/x86_64-linux-gnu/c++/10"]
  ignore line: [#include "..." search starts here:]
  ignore line: [#include <...> search starts here:]
  ignore line: [ /bin/../lib/gcc/x86_64-linux-gnu/10/../../../../include/c++/10]
  ignore line: [ /bin/../lib/gcc/x86_64-linux-gnu/10/../../../../include/x86_64-linux-gnu/c++/10]
  ignore line: [ /bin/../lib/gcc/x86_64-linux-gnu/10/../../../../include/c++/10/backward]
  ignore line: [ /usr/local/include]
  ignore line: [ /usr/lib/llvm-10/lib/clang/10.0.0/include]
  ignore line: [ /usr/include/x86_64-linux-gnu]
  ignore line: [ /usr/include]
  ignore line: [End of search list.]
  ignore line: [[2/2] Linking CXX executable cmTC_5b6bb]
  ignore line: [clang version 10.0.0-4ubuntu1 ]
  ignore line: [Target: x86_64-pc-linux-gnu]
  ignore line: [Thread model: posix]
  ignore line: [InstalledDir: /bin]
  ignore line: [Found candidate GCC installation: /bin/../lib/gcc/x86_64-linux-gnu/10]
  ignore line: [Found candidate GCC installation: /bin/../lib/gcc/x86_64-linux-gnu/8]
  ignore line: [Found candidate GCC installation: /bin/../lib/gcc/x86_64-linux-gnu/9]
  ignore line: [Found candidate GCC installation: /usr/lib/gcc/x86_64-linux-gnu/10]
  ignore line: [Found candidate GCC installation: /usr/lib/gcc/x86_64-linux-gnu/8]
  ignore line: [Found candidate GCC installation: /usr/lib/gcc/x86_64-linux-gnu/9]
  ignore line: [Selected GCC installation: /bin/../lib/gcc/x86_64-linux-gnu/10]
  ignore line: [Candidate multilib: .]
  ignore line: [@m64]
  ignore line: [Selected multilib: .]
  ignore line: [@m64]
  link line: [ "/bin/ld" -z relro --hash-style=gnu --build-id --eh-frame-hdr -m elf_x86_64 -dynamic-linker /lib64/ld-linux-x86-64.so.2 -o cmTC_5b6bb /bin/../lib/gcc/x86_64-linux-gnu/10/../../../x86_64-linux-gnu/crt1.o /bin/../lib/gcc/x86_64-linux-gnu/10/../../../x86_64-linux-gnu/crti.o /bin/../lib/gcc/x86_64-linux-gnu/10/crtbegin.o -L/bin/../lib/gcc/x86_64-linux-gnu/10 -L/bin/../lib/gcc/x86_64-linux-gnu/10/../../../x86_64-linux-gnu -L/bin/../lib/gcc/x86_64-linux-gnu/10/../../../../lib64 -L/lib/x86_64-linux-gnu -L/lib/../lib64 -L/usr/lib/x86_64-linux-gnu -L/usr/lib/../lib64 -L/usr/lib/x86_64-linux-gnu/../../lib64 -L/bin/../lib/gcc/x86_64-linux-gnu/10/../../.. -L/usr/lib/llvm-10/bin/../lib -L/lib -L/usr/lib CMakeFiles/cmTC_5b6bb.dir/CMakeCXXCompilerABI.cpp.o -lstdc++ -lm -lgcc_s -lgcc -lc -lgcc_s -lgcc /bin/../lib/gcc/x86_64-linux-gnu/10/crtend.o /bin/../lib/gcc/x86_64-linux-gnu/10/../../../x86_64-linux-gnu/crtn.o]
    arg [/bin/ld] ==> ignore
    arg [-zrelro] ==> ignore
    arg [--hash-style=gnu] ==> ignore
    arg [--build-id] ==> ignore
    arg [--eh-frame-hdr] ==> ignore
    arg [-m] ==> ignore
    arg [elf_x86_64] ==> ignore
    arg [-dynamic-linker] ==> ignore
    arg [/lib64/ld-linux-x86-64.so.2] ==> ignore
    arg [-o] ==> ignore
    arg [cmTC_5b6bb] ==> ignore
    arg [/bin/../lib/gcc/x86_64-linux-gnu/10/../../../x86_64-linux-gnu/crt1.o] ==> ignore
    arg [/bin/../lib/gcc/x86_64-linux-gnu/10/../../../x86_64-linux-gnu/crti.o] ==> ignore
    arg [/bin/../lib/gcc/x86_64-linux-gnu/10/crtbegin.o] ==> ignore
    arg [-L/bin/../lib/gcc/x86_64-linux-gnu/10] ==> dir [/bin/../lib/gcc/x86_64-linux-gnu/10]
    arg [-L/bin/../lib/gcc/x86_64-linux-gnu/10/../../../x86_64-linux-gnu] ==> dir [/bin/../lib/gcc/x86_64-linux-gnu/10/../../../x86_64-linux-gnu]
    arg [-L/bin/../lib/gcc/x86_64-linux-gnu/10/../../../../lib64] ==> dir [/bin/../lib/gcc/x86_64-linux-gnu/10/../../../../lib64]
    arg [-L/lib/x86_64-linux-gnu] ==> dir [/lib/x86_64-linux-gnu]
    arg [-L/lib/../lib64] ==> dir [/lib/../lib64]
    arg [-L/usr/lib/x86_64-linux-gnu] ==> dir [/usr/lib/x86_64-linux-gnu]
    arg [-L/usr/lib/../lib64] ==> dir [/usr/lib/../lib64]
    arg [-L/usr/lib/x86_64-linux-gnu/../../lib64] ==> dir [/usr/lib/x86_64-linux-gnu/../../lib64]
    arg [-L/bin/../lib/gcc/x86_64-linux-gnu/10/../../..] ==> dir [/bin/../lib/gcc/x86_64-linux-gnu/10/../../..]
    arg [-L/usr/lib/llvm-10/bin/../lib] ==> dir [/usr/lib/llvm-10/bin/../lib]
    arg [-L/lib] ==> dir [/lib]
    arg [-L/usr/lib] ==> dir [/usr/lib]
    arg [CMakeFiles/cmTC_5b6bb.dir/CMakeCXXCompilerABI.cpp.o] ==> ignore
    arg [-lstdc++] ==> lib [stdc++]
    arg [-lm] ==> lib [m]
    arg [-lgcc_s] ==> lib [gcc_s]
    arg [-lgcc] ==> lib [gcc]
    arg [-lc] ==> lib [c]
    arg [-lgcc_s] ==> lib [gcc_s]
    arg [-lgcc] ==> lib [gcc]
    arg [/bin/../lib/gcc/x86_64-linux-gnu/10/crtend.o] ==> ignore
    arg [/bin/../lib/gcc/x86_64-linux-gnu/10/../../../x86_64-linux-gnu/crtn.o] ==> ignore
  collapse library dir [/bin/../lib/gcc/x86_64-linux-gnu/10] ==> [/lib/gcc/x86_64-linux-gnu/10]
  collapse library dir [/bin/../lib/gcc/x86_64-linux-gnu/10/../../../x86_64-linux-gnu] ==> [/lib/x86_64-linux-gnu]
  collapse library dir [/bin/../lib/gcc/x86_64-linux-gnu/10/../../../../lib64] ==> [/lib64]
  collapse library dir [/lib/x86_64-linux-gnu] ==> [/lib/x86_64-linux-gnu]
  collapse library dir [/lib/../lib64] ==> [/lib64]
  collapse library dir [/usr/lib/x86_64-linux-gnu] ==> [/usr/lib/x86_64-linux-gnu]
  collapse library dir [/usr/lib/../lib64] ==> [/usr/lib64]
  collapse library dir [/usr/lib/x86_64-linux-gnu/../../lib64] ==> [/usr/lib64]
  collapse library dir [/bin/../lib/gcc/x86_64-linux-gnu/10/../../..] ==> [/lib]
  collapse library dir [/usr/lib/llvm-10/bin/../lib] ==> [/usr/lib/llvm-10/lib]
  collapse library dir [/lib] ==> [/lib]
  collapse library dir [/usr/lib] ==> [/usr/lib]
  implicit libs: [stdc++;m;gcc_s;gcc;c;gcc_s;gcc]
  implicit dirs: [/lib/gcc/x86_64-linux-gnu/10;/lib/x86_64-linux-gnu;/lib64;/usr/lib/x86_64-linux-gnu;/usr/lib64;/lib;/usr/lib/llvm-10/lib;/usr/lib]
  implicit fwks: []


Performing C SOURCE FILE Test HAVE_FLAG_WALL_C succeeded with the following output:
Change Dir: /home/kaiser/cpp-template/build/CMakeFiles/CMakeTmp

Run Build Command(s):/usr/local/bin/ninja cmTC_834d8 && [1/2] Building C object CMakeFiles/cmTC_834d8.dir/src.c.o
[2/2] Linking C executable cmTC_834d8


Source file was:
int main(void) { return 0; }
Performing C++ SOURCE FILE Test HAVE_FLAG_WALL_CXX succeeded with the following output:
Change Dir: /home/kaiser/cpp-template/build/CMakeFiles/CMakeTmp

Run Build Command(s):/usr/local/bin/ninja cmTC_a1960 && [1/2] Building CXX object CMakeFiles/cmTC_a1960.dir/src.cxx.o
[2/2] Linking CXX executable cmTC_a1960


Source file was:
int main() { return 0; }
Performing C SOURCE FILE Test HAVE_FLAG_WEXTRA_C succeeded with the following output:
Change Dir: /home/kaiser/cpp-template/build/CMakeFiles/CMakeTmp

Run Build Command(s):/usr/local/bin/ninja cmTC_bf8d9 && [1/2] Building C object CMakeFiles/cmTC_bf8d9.dir/src.c.o
[2/2] Linking C executable cmTC_bf8d9


Source file was:
int main(void) { return 0; }
Performing C++ SOURCE FILE Test HAVE_FLAG_WEXTRA_CXX succeeded with the following output:
Change Dir: /home/kaiser/cpp-template/build/CMakeFiles/CMakeTmp

Run Build Command(s):/usr/local/bin/ninja cmTC_555fc && [1/2] Building CXX object CMakeFiles/cmTC_555fc.dir/src.cxx.o
[2/2] Linking CXX executable cmTC_555fc


Source file was:
int main() { return 0; }
Performing C SOURCE FILE Test HAVE_FLAG_WPEDANTIC_C succeeded with the following output:
Change Dir: /home/kaiser/cpp-template/build/CMakeFiles/CMakeTmp

Run Build Command(s):/usr/local/bin/ninja cmTC_217ab && [1/2] Building C object CMakeFiles/cmTC_217ab.dir/src.c.o
[2/2] Linking C executable cmTC_217ab


Source file was:
int main(void) { return 0; }
Performing C++ SOURCE FILE Test HAVE_FLAG_WPEDANTIC_CXX succeeded with the following output:
Change Dir: /home/kaiser/cpp-template/build/CMakeFiles/CMakeTmp

Run Build Command(s):/usr/local/bin/ninja cmTC_24332 && [1/2] Building CXX object CMakeFiles/cmTC_24332.dir/src.cxx.o
[2/2] Linking CXX executable cmTC_24332


Source file was:
int main() { return 0; }
Performing C SOURCE FILE Test HAVE_FLAG_WERROR_C succeeded with the following output:
Change Dir: /home/kaiser/cpp-template/build/CMakeFiles/CMakeTmp

Run Build Command(s):/usr/local/bin/ninja cmTC_12387 && [1/2] Building C object CMakeFiles/cmTC_12387.dir/src.c.o
[2/2] Linking C executable cmTC_12387


Source file was:
int main(void) { return 0; }
Performing C++ SOURCE FILE Test HAVE_FLAG_WERROR_CXX succeeded with the following output:
Change Dir: /home/kaiser/cpp-template/build/CMakeFiles/CMakeTmp

Run Build Command(s):/usr/local/bin/ninja cmTC_e6ec5 && [1/2] Building CXX object CMakeFiles/cmTC_e6ec5.dir/src.cxx.o
[2/2] Linking CXX executable cmTC_e6ec5


Source file was:
int main() { return 0; }
Performing C SOURCE FILE Test HAVE_FLAG_FSTANDALONE_DEBUG_C succeeded with the following output:
Change Dir: /home/kaiser/cpp-template/build/CMakeFiles/CMakeTmp

Run Build Command(s):/usr/local/bin/ninja cmTC_6be4c && [1/2] Building C object CMakeFiles/cmTC_6be4c.dir/src.c.o
[2/2] Linking C executable cmTC_6be4c


Source file was:
int main(void) { return 0; }
Performing C++ SOURCE FILE Test HAVE_FLAG_FSTANDALONE_DEBUG_CXX succeeded with the following output:
Change Dir: /home/kaiser/cpp-template/build/CMakeFiles/CMakeTmp

Run Build Command(s):/usr/local/bin/ninja cmTC_5d9db && [1/2] Building CXX object CMakeFiles/cmTC_5d9db.dir/src.cxx.o
[2/2] Linking CXX executable cmTC_5d9db


Source file was:
int main() { return 0; }
Performing C SOURCE FILE Test HAVE_FLAG_FNO_OMIT_FRAME_POINTER_C succeeded with the following output:
Change Dir: /home/kaiser/cpp-template/build/CMakeFiles/CMakeTmp

Run Build Command(s):/usr/local/bin/ninja cmTC_8aa29 && [1/2] Building C object CMakeFiles/cmTC_8aa29.dir/src.c.o
[2/2] Linking C executable cmTC_8aa29


Source file was:
int main(void) { return 0; }
Performing C++ SOURCE FILE Test HAVE_FLAG_FNO_OMIT_FRAME_POINTER_CXX succeeded with the following output:
Change Dir: /home/kaiser/cpp-template/build/CMakeFiles/CMakeTmp

Run Build Command(s):/usr/local/bin/ninja cmTC_709f8 && [1/2] Building CXX object CMakeFiles/cmTC_709f8.dir/src.cxx.o
[2/2] Linking CXX executable cmTC_709f8


Source file was:
int main() { return 0; }
Performing C SOURCE FILE Test HAVE_FLAG_FSANITIZE_ADDRESS_C succeeded with the following output:
Change Dir: /home/kaiser/cpp-template/build/CMakeFiles/CMakeTmp

Run Build Command(s):/usr/local/bin/ninja cmTC_cfd7c && [1/2] Building C object CMakeFiles/cmTC_cfd7c.dir/src.c.o
[2/2] Linking C executable cmTC_cfd7c


Source file was:
int main(void) { return 0; }
Performing C++ SOURCE FILE Test HAVE_FLAG_FSANITIZE_ADDRESS_CXX succeeded with the following output:
Change Dir: /home/kaiser/cpp-template/build/CMakeFiles/CMakeTmp

Run Build Command(s):/usr/local/bin/ninja cmTC_2d245 && [1/2] Building CXX object CMakeFiles/cmTC_2d245.dir/src.cxx.o
[2/2] Linking CXX executable cmTC_2d245


Source file was:
int main() { return 0; }
Performing C SOURCE FILE Test HAVE_FLAG_FSANITIZE_ADDRESS_USE_AFTER_SCOPE_C succeeded with the following output:
Change Dir: /home/kaiser/cpp-template/build/CMakeFiles/CMakeTmp

Run Build Command(s):/usr/local/bin/ninja cmTC_99053 && [1/2] Building C object CMakeFiles/cmTC_99053.dir/src.c.o
[2/2] Linking C executable cmTC_99053


Source file was:
int main(void) { return 0; }
Performing C++ SOURCE FILE Test HAVE_FLAG_FSANITIZE_ADDRESS_USE_AFTER_SCOPE_CXX succeeded with the following output:
Change Dir: /home/kaiser/cpp-template/build/CMakeFiles/CMakeTmp

Run Build Command(s):/usr/local/bin/ninja cmTC_34de6 && [1/2] Building CXX object CMakeFiles/cmTC_34de6.dir/src.cxx.o
[2/2] Linking CXX executable cmTC_34de6


Source file was:
int main() { return 0; }
Performing C SOURCE FILE Test HAVE_FLAG_FNO_OPTIMIZE_SIBLING_CALLS_C succeeded with the following output:
Change Dir: /home/kaiser/cpp-template/build/CMakeFiles/CMakeTmp

Run Build Command(s):/usr/local/bin/ninja cmTC_0b81f && [1/2] Building C object CMakeFiles/cmTC_0b81f.dir/src.c.o
[2/2] Linking C executable cmTC_0b81f


Source file was:
int main(void) { return 0; }
Performing C++ SOURCE FILE Test HAVE_FLAG_FNO_OPTIMIZE_SIBLING_CALLS_CXX succeeded with the following output:
Change Dir: /home/kaiser/cpp-template/build/CMakeFiles/CMakeTmp

Run Build Command(s):/usr/local/bin/ninja cmTC_5fb39 && [1/2] Building CXX object CMakeFiles/cmTC_5fb39.dir/src.cxx.o
[2/2] Linking CXX executable cmTC_5fb39


Source file was:
int main() { return 0; }
Performing C SOURCE FILE Test HAVE_FLAG_FSANITIZE_UNDEFINED_C succeeded with the following output:
Change Dir: /home/kaiser/cpp-template/build/CMakeFiles/CMakeTmp

Run Build Command(s):/usr/local/bin/ninja cmTC_bad49 && [1/2] Building C object CMakeFiles/cmTC_bad49.dir/src.c.o
[2/2] Linking C executable cmTC_bad49


Source file was:
int main(void) { return 0; }
Performing C++ SOURCE FILE Test HAVE_FLAG_FSANITIZE_UNDEFINED_CXX succeeded with the following output:
Change Dir: /home/kaiser/cpp-template/build/CMakeFiles/CMakeTmp

Run Build Command(s):/usr/local/bin/ninja cmTC_13d25 && [1/2] Building CXX object CMakeFiles/cmTC_13d25.dir/src.cxx.o
[2/2] Linking CXX executable cmTC_13d25


Source file was:
int main() { return 0; }
Performing C SOURCE FILE Test HAVE_FLAG_FNO_SANITIZE_RECOVER_ALL_C succeeded with the following output:
Change Dir: /home/kaiser/cpp-template/build/CMakeFiles/CMakeTmp

Run Build Command(s):/usr/local/bin/ninja cmTC_18bca && [1/2] Building C object CMakeFiles/cmTC_18bca.dir/src.c.o
[2/2] Linking C executable cmTC_18bca


Source file was:
int main(void) { return 0; }
Performing C++ SOURCE FILE Test HAVE_FLAG_FNO_SANITIZE_RECOVER_ALL_CXX succeeded with the following output:
Change Dir: /home/kaiser/cpp-template/build/CMakeFiles/CMakeTmp

Run Build Command(s):/usr/local/bin/ninja cmTC_5580d && [1/2] Building CXX object CMakeFiles/cmTC_5580d.dir/src.cxx.o
[2/2] Linking CXX executable cmTC_5580d


Source file was:
int main() { return 0; }
Performing C SOURCE FILE Test HAVE_FLAG_FSANITIZE_FLOAT_DIVIDE_BY_ZERO_C succeeded with the following output:
Change Dir: /home/kaiser/cpp-template/build/CMakeFiles/CMakeTmp

Run Build Command(s):/usr/local/bin/ninja cmTC_6e631 && [1/2] Building C object CMakeFiles/cmTC_6e631.dir/src.c.o
[2/2] Linking C executable cmTC_6e631


Source file was:
int main(void) { return 0; }
Performing C++ SOURCE FILE Test HAVE_FLAG_FSANITIZE_FLOAT_DIVIDE_BY_ZERO_CXX succeeded with the following output:
Change Dir: /home/kaiser/cpp-template/build/CMakeFiles/CMakeTmp

Run Build Command(s):/usr/local/bin/ninja cmTC_134b4 && [1/2] Building CXX object CMakeFiles/cmTC_134b4.dir/src.cxx.o
[2/2] Linking CXX executable cmTC_134b4


Source file was:
int main() { return 0; }
Performing C SOURCE FILE Test HAVE_FLAG_FSANITIZE_UNSIGNED_INTEGER_OVERFLOW_C succeeded with the following output:
Change Dir: /home/kaiser/cpp-template/build/CMakeFiles/CMakeTmp

Run Build Command(s):/usr/local/bin/ninja cmTC_ac227 && [1/2] Building C object CMakeFiles/cmTC_ac227.dir/src.c.o
[2/2] Linking C executable cmTC_ac227


Source file was:
int main(void) { return 0; }
Performing C++ SOURCE FILE Test HAVE_FLAG_FSANITIZE_UNSIGNED_INTEGER_OVERFLOW_CXX succeeded with the following output:
Change Dir: /home/kaiser/cpp-template/build/CMakeFiles/CMakeTmp

Run Build Command(s):/usr/local/bin/ninja cmTC_d440c && [1/2] Building CXX object CMakeFiles/cmTC_d440c.dir/src.cxx.o
[2/2] Linking CXX executable cmTC_d440c


Source file was:
int main() { return 0; }
Performing C SOURCE FILE Test HAVE_FLAG_FSANITIZE_IMPLICIT_CONVERSION_C succeeded with the following output:
Change Dir: /home/kaiser/cpp-template/build/CMakeFiles/CMakeTmp

Run Build Command(s):/usr/local/bin/ninja cmTC_0a0f7 && [1/2] Building C object CMakeFiles/cmTC_0a0f7.dir/src.c.o
[2/2] Linking C executable cmTC_0a0f7


Source file was:
int main(void) { return 0; }
Performing C++ SOURCE FILE Test HAVE_FLAG_FSANITIZE_IMPLICIT_CONVERSION_CXX succeeded with the following output:
Change Dir: /home/kaiser/cpp-template/build/CMakeFiles/CMakeTmp

Run Build Command(s):/usr/local/bin/ninja cmTC_9e581 && [1/2] Building CXX object CMakeFiles/cmTC_9e581.dir/src.cxx.o
[2/2] Linking CXX executable cmTC_9e581


Source file was:
int main() { return 0; }
Performing C SOURCE FILE Test HAVE_FLAG_FSANITIZE_LOCAL_BOUNDS_C succeeded with the following output:
Change Dir: /home/kaiser/cpp-template/build/CMakeFiles/CMakeTmp

Run Build Command(s):/usr/local/bin/ninja cmTC_c13a1 && [1/2] Building C object CMakeFiles/cmTC_c13a1.dir/src.c.o
[2/2] Linking C executable cmTC_c13a1


Source file was:
int main(void) { return 0; }
Performing C++ SOURCE FILE Test HAVE_FLAG_FSANITIZE_LOCAL_BOUNDS_CXX succeeded with the following output:
Change Dir: /home/kaiser/cpp-template/build/CMakeFiles/CMakeTmp

Run Build Command(s):/usr/local/bin/ninja cmTC_a3feb && [1/2] Building CXX object CMakeFiles/cmTC_a3feb.dir/src.cxx.o
[2/2] Linking CXX executable cmTC_a3feb


Source file was:
int main() { return 0; }
Performing C SOURCE FILE Test HAVE_FLAG_FSANITIZE_NULLABILITY_C succeeded with the following output:
Change Dir: /home/kaiser/cpp-template/build/CMakeFiles/CMakeTmp

Run Build Command(s):/usr/local/bin/ninja cmTC_a487a && [1/2] Building C object CMakeFiles/cmTC_a487a.dir/src.c.o
[2/2] Linking C executable cmTC_a487a


Source file was:
int main(void) { return 0; }
Performing C++ SOURCE FILE Test HAVE_FLAG_FSANITIZE_NULLABILITY_CXX succeeded with the following output:
Change Dir: /home/kaiser/cpp-template/build/CMakeFiles/CMakeTmp

Run Build Command(s):/usr/local/bin/ninja cmTC_8f1f0 && [1/2] Building CXX object CMakeFiles/cmTC_8f1f0.dir/src.cxx.o
[2/2] Linking CXX executable cmTC_8f1f0


Source file was:
int main() { return 0; }
Performing C SOURCE FILE Test HAVE_FLAG_FSANITIZE_RECOVER_UNSIGNED_INTEGER_OVERFLOW_C succeeded with the following output:
Change Dir: /home/kaiser/cpp-template/build/CMakeFiles/CMakeTmp

Run Build Command(s):/usr/local/bin/ninja cmTC_c47a2 && [1/2] Building C object CMakeFiles/cmTC_c47a2.dir/src.c.o
[2/2] Linking C executable cmTC_c47a2


Source file was:
int main(void) { return 0; }
Performing C++ SOURCE FILE Test HAVE_FLAG_FSANITIZE_RECOVER_UNSIGNED_INTEGER_OVERFLOW_CXX succeeded with the following output:
Change Dir: /home/kaiser/cpp-template/build/CMakeFiles/CMakeTmp

Run Build Command(s):/usr/local/bin/ninja cmTC_329da && [1/2] Building CXX object CMakeFiles/cmTC_329da.dir/src.cxx.o
[2/2] Linking CXX executable cmTC_329da


Source file was:
int main() { return 0; }
Performing C SOURCE FILE Test HAVE_FLAG_FPROFILE_INSTR_GENERATE_C succeeded with the following output:
Change Dir: /home/kaiser/cpp-template/build/CMakeFiles/CMakeTmp

Run Build Command(s):/usr/local/bin/ninja cmTC_332e4 && [1/2] Building C object CMakeFiles/cmTC_332e4.dir/src.c.o
[2/2] Linking C executable cmTC_332e4


Source file was:
int main(void) { return 0; }
Performing C++ SOURCE FILE Test HAVE_FLAG_FPROFILE_INSTR_GENERATE_CXX succeeded with the following output:
Change Dir: /home/kaiser/cpp-template/build/CMakeFiles/CMakeTmp

Run Build Command(s):/usr/local/bin/ninja cmTC_3b559 && [1/2] Building CXX object CMakeFiles/cmTC_3b559.dir/src.cxx.o
[2/2] Linking CXX executable cmTC_3b559


Source file was:
int main() { return 0; }
Performing C SOURCE FILE Test HAVE_FLAG_FCOVERAGE_MAPPING_C succeeded with the following output:
Change Dir: /home/kaiser/cpp-template/build/CMakeFiles/CMakeTmp

Run Build Command(s):/usr/local/bin/ninja cmTC_c5bb8 && [1/2] Building C object CMakeFiles/cmTC_c5bb8.dir/src.c.o
[2/2] Linking C executable cmTC_c5bb8


Source file was:
int main(void) { return 0; }
Performing C++ SOURCE FILE Test HAVE_FLAG_FCOVERAGE_MAPPING_CXX succeeded with the following output:
Change Dir: /home/kaiser/cpp-template/build/CMakeFiles/CMakeTmp

Run Build Command(s):/usr/local/bin/ninja cmTC_74a2a && [1/2] Building CXX object CMakeFiles/cmTC_74a2a.dir/src.cxx.o
[2/2] Linking CXX executable cmTC_74a2a


Source file was:
int main() { return 0; }
Determining if the include file pthread.h exists passed with the following output:
Change Dir: /home/kaiser/cpp-template/build/CMakeFiles/CMakeTmp

Run Build Command(s):/usr/local/bin/ninja cmTC_712eb && [1/2] Building C object CMakeFiles/cmTC_712eb.dir/CheckIncludeFile.c.o
[2/2] Linking C executable cmTC_712eb



Performing C SOURCE FILE Test CMAKE_HAVE_LIBC_PTHREAD succeeded with the following output:
Change Dir: /home/kaiser/cpp-template/build/CMakeFiles/CMakeTmp

Run Build Command(s):/usr/local/bin/ninja cmTC_8d116 && [1/2] Building C object CMakeFiles/cmTC_8d116.dir/src.c.o
[2/2] Linking C executable cmTC_8d116


Source file was:
#include <pthread.h>

void* test_func(void* data)
{
  return data;
}

int main(void)
{
  pthread_t thread;
  pthread_create(&thread, NULL, test_func, NULL);
  pthread_detach(thread);
  pthread_cancel(thread);
  pthread_join(thread, NULL);
  pthread_atfork(NULL, NULL, NULL);
  pthread_exit(NULL);

  return 0;
}

